
====================================================================================
🕯️ Quiet Relay: 2026 - Operations Base [Fully Data-Driven]
------------------------------------------------------------------------------------
Late 2026. Rain ticks against emergency floodlights while the expedition team
regroups in a ruined signal base. Beyond the shutters waits the Rain Toll
Corridor, a short but hostile district warped by bells, transit steel, and ash.

🧭 District: District 03: Rain Toll Corridor
Last result: No expeditions yet.
Record: 0 wins / 0 losses | Best nodes cleared: 0
💾 Save file: quiet_relay_vs_defeat_smoke.json
↩️ No expedition currently active.

⛭ PARTY STATUS
------------------------------------------------------------------------------------
🧭 Selected for next expedition: Vanguard
1. 🛡️ Vanguard           HP 160/160  GUARD  72/72   BREAK  90/90   ash    posture=flow    pos=set       | weapon=Anchor Greatblade | 🧿 relics=Iron Vow
------------------------------------------------------------------------------------
🩹 Recovery Charges: 3/3 | ☀️ Start Spotlight: 0 | 🛡️ Prebattle Barrier: 0 | 👑 Boss Guard Penalty: 0
💠 Echo Shards: 0
📂 Content Pack: /mnt/c/Users/kim50/projects/trbg_desktop/quiet_relay_content
✦ Run Boons: none


====================================================================================
🧭 District 03: Rain Toll Corridor
◈ Overpass Watch -- Battle -- Shared route -- 🟡 Medium risk -- [guard, spotlight, recovery]
Route Step 1
💠 Echo Shards on hand: 0
------------------------------------------------------------------------------------
An elevated roadway buckles under cathedral stone. A Rustbound Pilgrim drags its
bell-metal blade through the rain while ivy crawls across the guardrail.

Battle setup: starting Spotlight 0, prebattle barrier 0.
Node axis scores: Power 60, Precision 60, Composure 60.
Encounter variant: ivy_drone_watch (ivy_strangler, switchblade_drone)
Battle begins.
Node axis scores: Power 60, Precision 60, Composure 60.
Turn order: Switchblade Drone #2, Ivy Strangler, Vanguard
Switchblade Drone #2 enters flow posture (balanced spread).
Player Spotlight +1 (Switchblade Drone #2 entered Flow) -> 1/5
Switchblade Drone #2 darts in with a switchblade flurry.
Vanguard withdraws behind the guard.
Switchblade Drone #2 withdraws behind the guard (pressure answered).
Guard gate success: Power 60 >= 55.
Vanguard reads the burst and hardens the guard.
Vanguard loses 5 break.
Switchblade Drone #2 hits Vanguard for 12 guard.
Vanguard holds the same burst start Pattern Read.
Guard gate success: Power 60 >= 55.
Vanguard reads the burst and hardens the guard.
Vanguard loses 4 break.
Switchblade Drone #2 hits Vanguard for 12 guard.
Ivy Strangler enters flow posture (balanced spread).
Player Spotlight +1 (Ivy Strangler entered Flow) -> 2/5
Ivy Strangler lashes thorn-vines at Vanguard.
Guard gate success: Power 60 >= 55.
Vanguard loses 9 break.
Ivy Strangler hits Vanguard for 14 guard.
Vanguard gains snare (2).
Vanguard enters flow posture (balanced spread).
Vanguard recenters to set footing.
Vanguard cleanses snare via Flow.
Power output x1.07 from Power 60.
Vanguard uses Anchor Cleave [P:60/fierce, R:60/fierce, C:60/fierce]
Vanguard misses Ivy Strangler [hit roll 93/79].
Enemy Spotlight +1 (Vanguard risky miss) -> 1/5
Ivy Strangler loses 7 break.
Player Spotlight +1 (Vanguard exploited affinity) -> 3/5
Vanguard loses 2 guard from Anchor Cleave.
Composure tempo 60/160.
------------------------------------------------------------
Turn order: Switchblade Drone #2, Ivy Strangler, Vanguard
Switchblade Drone #2 enters flow posture (balanced spread).
Switchblade Drone #2 recenters to set footing.
Switchblade Drone #2 darts in with a switchblade flurry.
Enemy Spotlight -1 (cashed for pressure) -> 0/5
Enemy Spotlight is cashed for pressure.
Vanguard withdraws behind the guard.
Switchblade Drone #2 withdraws behind the guard (pressure answered).
Guard gate success: Power 60 >= 55.
Vanguard reads the burst and hardens the guard.
Vanguard loses 6 break.
Switchblade Drone #2 hits Vanguard for 14 guard.
Vanguard holds the same burst start Pattern Read.
Guard gate success: Power 60 >= 55.
Vanguard reads the burst and hardens the guard.
Vanguard loses 4 break.
Switchblade Drone #2 hits Vanguard for 12 guard.
Ivy Strangler enters flow posture (balanced spread).
Ivy Strangler lashes thorn-vines at Vanguard.
Enemy Spotlight +1 (Vanguard failed dodge gate) -> 1/5
Vanguard spends 8/8 Break to dodge.
Dodge gate failed: Precision 60 < 62.
Vanguard loses 19 break.
Ivy Strangler hits Vanguard for 15 hp.
Vanguard gains snare (2).
Vanguard enters flow posture (balanced spread).
Vanguard recenters to set footing.
Vanguard cleanses snare via Flow.
Power output x1.04 from Power 60.
Vanguard uses Anchor Cleave [P:60/fierce, R:60/fierce, C:60/fierce]
Vanguard grazes Ivy Strangler [hit roll 84/79].
Ivy Strangler loses 16 break.
Vanguard hits Ivy Strangler for 16 guard.
Player Spotlight +1 (Vanguard exploited affinity) -> 4/5
Vanguard loses 1 guard from Anchor Cleave.
Composure tempo 120/160.
------------------------------------------------------------
Turn order: Switchblade Drone #2, Ivy Strangler, Vanguard
Switchblade Drone #2 enters flow posture (balanced spread).
Switchblade Drone #2 recenters to set footing.
Player Spotlight +1 (Switchblade Drone #2 entered Flow) -> 5/5
Switchblade Drone #2 darts in with a switchblade flurry.
Enemy Spotlight -1 (cashed for pressure) -> 0/5
Enemy Spotlight is cashed for pressure.
Enemy Spotlight +1 (Vanguard failed dodge gate) -> 1/5
Vanguard spends 8/8 Break to dodge.
Dodge gate failed: Precision 60 < 62.
Vanguard loses 19 break.
Switchblade Drone #2 hits Vanguard for 15 hp.
Enemy Spotlight -1 (cashed for pressure) -> 0/5
Enemy Spotlight is cashed for pressure.
Vanguard holds the same burst start Pattern Read.
Enemy Spotlight +1 (Vanguard failed dodge gate) -> 1/5
Vanguard spends 8/8 Break to dodge.
Dodge gate failed: Precision 60 < 62.
Vanguard withdraws behind the guard (staggered).
Vanguard is staggered!
Enemy Spotlight +1 (Switchblade Drone #2 staggered Vanguard) -> 2/5
Switchblade Drone #2 hits Vanguard for 15 hp.
Ivy Strangler recovers 3 guard.
Ivy Strangler enters flow posture (balanced spread).
Ivy Strangler lashes thorn-vines at Vanguard.
Enemy Spotlight -1 (cashed for pressure) -> 1/5
Enemy Spotlight is cashed for pressure.
Enemy Spotlight +1 (Vanguard failed dodge gate) -> 2/5
Vanguard spends 0/8 Break to dodge.
Dodge gate failed: Precision 60 < 62.
Ivy Strangler hits Vanguard for 23 hp.
Vanguard gains snare (2).
Vanguard is staggered and loses the turn.
------------------------------------------------------------
Turn order: Switchblade Drone #2, Ivy Strangler, Vanguard
Switchblade Drone #2 enters flow posture (balanced spread).
Switchblade Drone #2 darts in with a switchblade flurry.
Enemy Spotlight -1 (cashed for pressure) -> 1/5
Enemy Spotlight is cashed for pressure.
Enemy Spotlight +1 (Vanguard failed dodge gate) -> 2/5
Vanguard spends 8/8 Break to dodge.
Dodge gate failed: Precision 60 < 62.
Vanguard loses 19 break.
Switchblade Drone #2 hits Vanguard for 15 hp.
Enemy Spotlight -1 (cashed for pressure) -> 1/5
Enemy Spotlight is cashed for pressure.
Vanguard holds the same burst start Pattern Read.
Enemy Spotlight +1 (Vanguard failed dodge gate) -> 2/5
Vanguard spends 8/8 Break to dodge.
Dodge gate failed: Precision 60 < 62.
Vanguard loses 19 break.
Switchblade Drone #2 hits Vanguard for 15 hp.
Ivy Strangler recovers 3 guard.
Ivy Strangler enters flow posture (balanced spread).
Ivy Strangler lashes thorn-vines at Vanguard.
Enemy Spotlight -1 (cashed for pressure) -> 1/5
Enemy Spotlight is cashed for pressure.
Enemy Spotlight +1 (Vanguard failed dodge gate) -> 2/5
Vanguard spends 8/8 Break to dodge.
Dodge gate failed: Precision 60 < 62.
Vanguard loses 21 break.
Ivy Strangler hits Vanguard for 18 hp.
Vanguard gains snare (2).
Vanguard enters flow posture (balanced spread).
Vanguard recenters to set footing.
Vanguard cleanses snare via Flow.
Power output x1.14 from Power 60.
Vanguard uses Anchor Cleave [P:60/fierce, R:60/fierce, C:60/fierce]
Vanguard misses Ivy Strangler [hit roll 97/79].
Enemy Spotlight +1 (Vanguard risky miss) -> 3/5
Ivy Strangler loses 7 break.
Vanguard loses 1 guard from Anchor Cleave.
Vanguard keeps tempo from Composure 60: bonus action.
Vanguard enters flow posture (balanced spread).
Power output x1.20 from Power 60.
Vanguard uses Anchor Cleave [P:60/fierce, R:60/fierce, C:60/fierce]
Vanguard lines up Ivy Strangler [hit roll 38/79].
Ivy Strangler loses 6 break.
Ivy Strangler withdraws behind the guard (staggered).
Ivy Strangler is staggered!
Vanguard hits Ivy Strangler for 30 guard, 7 hp.
Vanguard loses 1 guard from Anchor Cleave.
------------------------------------------------------------
Turn order: Switchblade Drone #2, Ivy Strangler, Vanguard
Switchblade Drone #2 enters flow posture (balanced spread).
Switchblade Drone #2 darts in with a switchblade flurry.
Enemy Spotlight -1 (cashed for pressure) -> 2/5
Enemy Spotlight is cashed for pressure.
Enemy Spotlight +1 (Vanguard failed dodge gate) -> 3/5
Vanguard spends 7/8 Break to dodge.
Dodge gate failed: Precision 60 < 62.
Vanguard withdraws behind the guard (staggered).
Vanguard is staggered!
Enemy Spotlight +1 (Switchblade Drone #2 staggered Vanguard) -> 4/5
Switchblade Drone #2 hits Vanguard for 15 hp.
Enemy Spotlight -1 (cashed for pressure) -> 3/5
Enemy Spotlight is cashed for pressure.
Vanguard holds the same burst start Pattern Read.
Enemy Spotlight +1 (Vanguard failed dodge gate) -> 4/5
Vanguard spends 0/8 Break to dodge.
Dodge gate failed: Precision 60 < 62.
Switchblade Drone #2 hits Vanguard for 19 hp.
Ivy Strangler is staggered and loses the turn.
Vanguard is staggered and loses the turn.
------------------------------------------------------------
Turn order: Switchblade Drone #2, Ivy Strangler, Vanguard
Switchblade Drone #2 enters flow posture (balanced spread).
Switchblade Drone #2 darts in with a switchblade flurry.
Enemy Spotlight -1 (cashed for pressure) -> 3/5
Enemy Spotlight is cashed for pressure.
Enemy Spotlight +1 (Vanguard failed dodge gate) -> 4/5
Vanguard spends 8/8 Break to dodge.
Dodge gate failed: Precision 60 < 62.
Switchblade Drone #2 hits Vanguard for 15 hp.
Vanguard falls.
Enemies win the battle.
Battle log written to: quiet_relay_vs_defeat_logs/01_overpass_watch.txt
