
🕯️ Quiet Relay: 2026 - Terminal Combat Core
============================================================
⛭ Party: vanguard, duelist, cantor
⚔️ Scenario: bell_warden
▶️ Mode: AUTO
📂 Content: /mnt/c/Users/kim50/projects/trbg_desktop/quiet_relay_content
============================================================
🔎 Tip: player actions require manual Power Precision Composure inputs such as: 72 61 84

Battle begins.
Node axis scores: Power 60, Precision 60, Composure 60.
Turn order: Duelist, Cantor, Bell Warden, Vanguard
Duelist enters flow posture (balanced spread).
Player Spotlight +1 (Duelist entered Flow) -> 1/5
Power output x0.98 from Power 60.
Duelist uses Mark Lunge [P:60/fierce, R:60/fierce, C:60/fierce]
Duelist lines up Bell Warden [hit roll 29/87].
Bell Warden loses 11 break.
Duelist hits Bell Warden for 20 guard.
Bell Warden gains reveal (2).
Player Spotlight +1 (Duelist exploited affinity) -> 2/5
Composure tempo 60/160.
Player Spotlight -2 (Cantor used Final Verse) -> 0/5
Cantor enters flow posture (balanced spread).
Player Spotlight +1 (Cantor entered Flow) -> 1/5
Power output x1.14 from Power 60.
Cantor uses Final Verse [P:60/fierce, R:60/fierce, C:60/fierce]
Player Spotlight +1 (Cantor Final Verse) -> 2/5
Final Verse crescendos on an exposed target.
Cantor lines up Bell Warden [hit roll 74/92].
Bell Warden loses 27 break.
Cantor hits Bell Warden for 50 guard.
Composure tempo 120/160.
Bell Warden recovers 3 guard.
Bell Warden enters ravage posture (power dominant).
Bell Warden presses the line.
Bell Warden hammers a bell swing into Vanguard.
Vanguard withdraws behind the guard.
Bell Warden recenters to set footing (pressure answered).
Guard gate success: Power 60 >= 55.
Vanguard reads the weight and hardens the guard.
Vanguard loses 22 break.
Bell Warden hits Vanguard for 40 guard.
Vanguard gains scorch (1).
Vanguard is scorched for 8 damage.
Vanguard loses 8 HP (scorch).
Vanguard is no longer affected by scorch.
Vanguard enters flow posture (balanced spread).
Vanguard recenters to set footing.
Player Spotlight +1 (Vanguard entered Flow) -> 3/5
Power output x0.88 from Power 60.
Vanguard uses Anchor Cleave [P:60/fierce, R:60/fierce, C:60/fierce]
Vanguard lines up Bell Warden [hit roll 11/84].
Bell Warden loses 30 break.
Vanguard hits Bell Warden for 38 guard. CRIT!
Vanguard loses 2 guard from Anchor Cleave.
Vanguard keeps tempo from Composure 60: bonus action.
Vanguard enters flow posture (balanced spread).
Power output x1.06 from Power 60.
Vanguard uses Anchor Cleave [P:60/fierce, R:60/fierce, C:60/fierce]
Vanguard lines up Bell Warden [hit roll 13/84].
Bell Warden loses 29 break.
Vanguard hits Bell Warden for 29 guard.
Vanguard loses 2 guard from Anchor Cleave.
------------------------------------------------------------
Turn order: Duelist, Cantor, Bell Warden, Vanguard
Player Spotlight -2 (Duelist used Glass Reprise) -> 1/5
Duelist enters flow posture (balanced spread).
Power output x1.09 from Power 60.
Duelist uses Glass Reprise [P:60/fierce, R:60/fierce, C:60/fierce]
Duelist lines up Bell Warden [hit roll 45/92].
Bell Warden loses 6 break.
Duelist hits Bell Warden for 21 guard.
Player Spotlight +1 (Duelist exploited affinity) -> 2/5
Glass Reprise hit 1/3 lands.
Duelist lines up Bell Warden [hit roll 49/92].
Bell Warden loses 6 break.
Duelist hits Bell Warden for 21 guard.
Player Spotlight +1 (Duelist exploited affinity) -> 3/5
Glass Reprise hit 2/3 lands.
Duelist lines up Bell Warden [hit roll 66/92].
Bell Warden loses 6 break.
Duelist hits Bell Warden for 21 guard.
Player Spotlight +1 (Duelist exploited affinity) -> 4/5
Glass Reprise hit 3/3 lands.
Composure tempo 80/160.
Player Spotlight -2 (Cantor used Final Verse) -> 2/5
Cantor enters flow posture (balanced spread).
Power output x0.96 from Power 60.
Cantor uses Final Verse [P:60/fierce, R:60/fierce, C:60/fierce]
Player Spotlight +1 (Cantor Final Verse) -> 3/5
Final Verse crescendos on an exposed target.
Cantor lines up Bell Warden [hit roll 44/92].
Bell Warden loses 28 break.
Cantor hits Bell Warden for 13 guard, 55 hp. CRIT!
Composure tempo 140/160.
Bell Warden is no longer affected by reveal.
Bell Warden recovers 3 guard.
Bell Warden enters ravage posture (power dominant).
Bell Warden presses the line.
Bell Warden hammers a bell swing into Vanguard.
Vanguard withdraws behind the guard.
Bell Warden recenters to set footing (pressure answered).
Guard gate success: Power 60 >= 55.
Vanguard reads the weight and hardens the guard.
Vanguard loses 22 break.
Bell Warden hits Vanguard for 28 guard, 9 hp.
Vanguard gains scorch (1).
Vanguard is scorched for 8 damage.
Vanguard loses 8 HP (scorch).
Vanguard is no longer affected by scorch.
Vanguard enters flow posture (balanced spread).
Vanguard recenters to set footing.
Power output x1.11 from Power 60.
Vanguard uses Anchor Cleave [P:60/fierce, R:60/fierce, C:60/fierce]
Vanguard grazes Bell Warden [hit roll 83/79].
Bell Warden loses 15 break.
Vanguard hits Bell Warden for 3 guard, 11 hp.
Vanguard loses 0 guard from Anchor Cleave.
Vanguard keeps tempo from Composure 60: bonus action.
Vanguard enters flow posture (balanced spread).
Power output x1.18 from Power 60.
Vanguard uses Anchor Cleave [P:60/fierce, R:60/fierce, C:60/fierce]
Vanguard lines up Bell Warden [hit roll 74/79].
Bell Warden loses 31 break.
Vanguard hits Bell Warden for 29 hp.
Vanguard loses 0 guard from Anchor Cleave.
------------------------------------------------------------
Turn order: Duelist, Cantor, Bell Warden, Vanguard
Duelist enters flow posture (balanced spread).
Player Spotlight +1 (Duelist entered Flow) -> 4/5
Power output x1.09 from Power 60.
Duelist uses Mark Lunge [P:60/fierce, R:60/fierce, C:60/fierce]
Duelist lines up Bell Warden [hit roll 75/87].
Bell Warden loses 13 break.
Duelist hits Bell Warden for 23 hp.
Bell Warden gains reveal (2).
Player Spotlight +1 (Duelist exploited affinity) -> 5/5
Composure tempo 100/160.
Player Spotlight -2 (Cantor used Final Verse) -> 3/5
Cantor enters flow posture (balanced spread).
Player Spotlight +1 (Cantor entered Flow) -> 4/5
Power output x1.24 from Power 60.
Cantor uses Final Verse [P:60/fierce, R:60/fierce, C:60/fierce]
Player Spotlight +1 (Cantor Final Verse) -> 5/5
Final Verse crescendos on an exposed target.
Cantor lines up Bell Warden [hit roll 55/92].
Bell Warden loses 29 break.
Cantor hits Bell Warden for 56 hp.
Cantor keeps tempo from Composure 60: bonus action.
Player Spotlight -2 (Cantor used Final Verse) -> 3/5
Cantor enters flow posture (balanced spread).
Power output x1.21 from Power 60.
Cantor uses Final Verse [P:60/fierce, R:60/fierce, C:60/fierce]
Player Spotlight +1 (Cantor Final Verse) -> 4/5
Final Verse crescendos on an exposed target.
Cantor lines up Bell Warden [hit roll 77/92].
Bell Warden loses 5 break.
Bell Warden withdraws behind the guard (staggered).
Bell Warden is staggered!
Cantor hits Bell Warden for 56 hp.
Bell Warden is staggered and loses the turn.
Vanguard enters flow posture (balanced spread).
Player Spotlight +1 (Vanguard entered Flow) -> 5/5
Power output x1.09 from Power 60.
Vanguard uses Anchor Cleave [P:60/fierce, R:60/fierce, C:60/fierce]
Vanguard lines up Bell Warden [hit roll 68/84].
Bell Warden loses 30 break.
Vanguard hits Bell Warden for 32 hp.
Vanguard loses 0 guard from Anchor Cleave.
Composure tempo 60/160.
------------------------------------------------------------
Turn order: Duelist, Cantor, Bell Warden, Vanguard
Player Spotlight -2 (Duelist used Glass Reprise) -> 3/5
Duelist enters flow posture (balanced spread).
Power output x1.22 from Power 60.
Duelist uses Glass Reprise [P:60/fierce, R:60/fierce, C:60/fierce]
Duelist lines up Bell Warden [hit roll 74/92].
Bell Warden loses 8 break.
Duelist hits Bell Warden for 40 hp. CRIT!
Player Spotlight +1 (Duelist passive crit) -> 4/5
Player Spotlight +1 (Duelist exploited affinity) -> 5/5
Glass Reprise hit 1/3 lands.
Duelist grazes Bell Warden [hit roll 99/92].
Enemy Spotlight +1 (Duelist risky graze) -> 1/5
Bell Warden loses 4 break.
Duelist hits Bell Warden for 14 hp.
Glass Reprise hit 2/3 lands.
Duelist lines up Bell Warden [hit roll 17/92].
Bell Warden loses 8 break.
Duelist hits Bell Warden for 40 hp. CRIT!
Glass Reprise hit 3/3 lands.
Composure tempo 120/160.
Player Spotlight -2 (Cantor used Final Verse) -> 3/5
Cantor enters flow posture (balanced spread).
Power output x1.30 from Power 60.
Cantor uses Final Verse [P:60/fierce, R:60/fierce, C:60/fierce]
Player Spotlight +1 (Cantor Final Verse) -> 4/5
Final Verse crescendos on an exposed target.
Cantor lines up Bell Warden [hit roll 67/92].
Bell Warden loses 29 break.
Cantor hits Bell Warden for 61 hp.
Cantor keeps tempo from Composure 60: bonus action.
Player Spotlight -2 (Cantor used Final Verse) -> 2/5
Cantor enters flow posture (balanced spread).
Power output x0.98 from Power 60.
Cantor uses Final Verse [P:60/fierce, R:60/fierce, C:60/fierce]
Player Spotlight +1 (Cantor Final Verse) -> 3/5
Final Verse crescendos on an exposed target.
Cantor lines up Bell Warden [hit roll 80/92].
Bell Warden loses 25 break.
Cantor hits Bell Warden for 46 hp.
Bell Warden is no longer affected by reveal.
Bell Warden recovers 3 guard.
Bell Warden enters ravage posture (power dominant).
Bell Warden recenters to set footing.
Bell Warden hammers a bell swing into Duelist.
Enemy Spotlight -1 (cashed for pressure) -> 0/5
Enemy Spotlight is cashed for pressure.
Duelist withdraws behind the guard.
Bell Warden withdraws behind the guard (pressure answered).
Guard gate success: Power 60 >= 55.
Duelist reads the weight and hardens the guard.
Duelist loses 23 break.
Bell Warden hits Duelist for 46 guard, 3 hp.
Vanguard enters flow posture (balanced spread).
Power output x1.25 from Power 60.
Vanguard uses Anchor Cleave [P:60/fierce, R:60/fierce, C:60/fierce]
Vanguard lines up Bell Warden [hit roll 16/79].
Bell Warden loses 32 break.
Vanguard hits Bell Warden for 3 guard, 28 hp.
Vanguard loses 0 guard from Anchor Cleave.
Composure tempo 80/160.
------------------------------------------------------------
Turn order: Duelist, Cantor, Bell Warden, Vanguard
Duelist enters flow posture (balanced spread).
Duelist recenters to set footing.
Player Spotlight +1 (Duelist entered Flow) -> 4/5
Power output x1.32 from Power 60.
Duelist uses Mark Lunge [P:60/fierce, R:60/fierce, C:60/fierce]
Duelist lines up Bell Warden [hit roll 33/87].
Bell Warden loses 14 break.
Duelist hits Bell Warden for 28 hp.
Bell Warden gains reveal (2).
Player Spotlight +1 (Duelist exploited affinity) -> 5/5
Composure tempo 140/160.
Player Spotlight -2 (Cantor used Final Verse) -> 3/5
Cantor enters flow posture (balanced spread).
Player Spotlight +1 (Cantor entered Flow) -> 4/5
Power output x1.17 from Power 60.
Cantor uses Final Verse [P:60/fierce, R:60/fierce, C:60/fierce]
Player Spotlight +1 (Cantor Final Verse) -> 5/5
Final Verse crescendos on an exposed target.
Cantor lines up Bell Warden [hit roll 40/92].
Bell Warden loses 27 break.
Cantor hits Bell Warden for 55 hp.
Cantor keeps tempo from Composure 60: bonus action.
Player Spotlight -2 (Cantor used Final Verse) -> 3/5
Cantor enters flow posture (balanced spread).
Power output x1.21 from Power 60.
Cantor uses Final Verse [P:60/fierce, R:60/fierce, C:60/fierce]
Player Spotlight +1 (Cantor Final Verse) -> 4/5
Final Verse crescendos on an exposed target.
Cantor lines up Bell Warden [hit roll 65/92].
Bell Warden loses 27 break.
Cantor hits Bell Warden for 56 hp.
Bell Warden recovers 3 guard.
Bell Warden burns 3 of its own guard in desperation.
Bell Warden enters ravage posture (power dominant).
Bell Warden recenters to set footing.
Bell Warden gathers itself and restores 20 guard.
Vanguard enters flow posture (balanced spread).
Player Spotlight +1 (Vanguard entered Flow) -> 5/5
Power output x1.12 from Power 60.
Vanguard uses Anchor Cleave [P:60/fierce, R:60/fierce, C:60/fierce]
Vanguard lines up Bell Warden [hit roll 52/84].
Bell Warden loses 30 break.
Vanguard hits Bell Warden for 20 guard, 11 hp.
Vanguard loses 0 guard from Anchor Cleave.
Composure tempo 100/160.
------------------------------------------------------------
Turn order: Duelist, Cantor, Bell Warden, Vanguard
Player Spotlight -2 (Duelist used Glass Reprise) -> 3/5
Duelist enters flow posture (balanced spread).
Power output x1.25 from Power 60.
Duelist uses Glass Reprise [P:60/fierce, R:60/fierce, C:60/fierce]
Duelist lines up Bell Warden [hit roll 59/92].
Bell Warden loses 2 break.
Bell Warden withdraws behind the guard (staggered).
Bell Warden is staggered!
Duelist hits Bell Warden for 27 hp.
Player Spotlight +1 (Duelist exploited affinity) -> 4/5
Glass Reprise hit 1/3 lands.
Duelist lines up Bell Warden [hit roll 63/95].
Duelist hits Bell Warden for 34 hp.
Player Spotlight +1 (Duelist exploited affinity) -> 5/5
Glass Reprise hit 2/3 lands.
Duelist lines up Bell Warden [hit roll 26/95].
Duelist hits Bell Warden for 34 hp.
Glass Reprise hit 3/3 lands.
Duelist keeps tempo from Composure 60: bonus action.
Player Spotlight -2 (Duelist used Glass Reprise) -> 3/5
Duelist enters flow posture (balanced spread).
Power output x1.18 from Power 60.
Duelist uses Glass Reprise [P:60/fierce, R:60/fierce, C:60/fierce]
Duelist lines up Bell Warden [hit roll 60/95].
Duelist hits Bell Warden for 31 hp.
Player Spotlight +1 (Duelist exploited affinity) -> 4/5
Glass Reprise hit 1/3 lands.
Duelist grazes Bell Warden [hit roll 99/95].
Duelist hits Bell Warden for 16 hp.
Bell Warden falls.
Player Spotlight +1 (Duelist exploited affinity) -> 5/5
Glass Reprise hit 2/3 lands.
Players win the battle.

Battle log written to: quiet_relay_last_battle_log_datadriven.txt
