
====================================================================================
🕯️ Quiet Relay: 2026 - Operations Base [Fully Data-Driven]
------------------------------------------------------------------------------------
Late 2026. Rain ticks against emergency floodlights while the expedition team
regroups in a ruined signal base. Beyond the shutters waits the Rain Toll
Corridor, a short but hostile district warped by bells, transit steel, and ash.

🧭 District: District 03: Rain Toll Corridor
Last result: No expeditions yet.
Record: 0 wins / 0 losses | Best nodes cleared: 0
💾 Save file: quiet_relay_vs_balance_2027.json
↩️ No expedition currently active.

⛭ PARTY STATUS
------------------------------------------------------------------------------------
🧭 Selected for next expedition: Vanguard
1. 🛡️ Vanguard           HP 160/160  GUARD  72/72   BREAK  90/90   ash    posture=flow    pos=set       | weapon=Anchor Greatblade | 🧿 relics=Iron Vow
------------------------------------------------------------------------------------
🩹 Recovery Charges: 3/3 | ☀️ Start Spotlight: 0 | 🛡️ Prebattle Barrier: 0 | 👑 Boss Guard Penalty: 0
💠 Echo Shards: 0
📂 Content Pack: /mnt/c/Users/kim50/projects/trbg_desktop/quiet_relay_content
✦ Run Boons: none


====================================================================================
🧭 District 03: Rain Toll Corridor
◈ Overpass Watch -- Battle -- Shared route -- 🟡 Medium risk -- [guard, spotlight, recovery]
Route Step 1
💠 Echo Shards on hand: 0
------------------------------------------------------------------------------------
An elevated roadway buckles under cathedral stone. A Rustbound Pilgrim drags its
bell-metal blade through the rain while ivy crawls across the guardrail.

Battle setup: starting Spotlight 0, prebattle barrier 0.
Node axis scores: Power 80, Precision 80, Composure 80.
Encounter variant: pilgrim_ivy_watch (rustbound_pilgrim, ivy_strangler)
Battle begins.
Node axis scores: Power 80, Precision 80, Composure 80.
Turn order: Ivy Strangler #2, Vanguard, Rustbound Pilgrim
Ivy Strangler #2 enters flow posture (balanced spread).
Player Spotlight +1 (Ivy Strangler #2 entered Flow) -> 1/5
Ivy Strangler #2 lashes thorn-vines at Vanguard.
Vanguard withdraws behind the guard.
Guard gate success: Power 80 >= 55.
Vanguard loses 9 break.
Ivy Strangler #2 hits Vanguard for 14 guard.
Vanguard gains snare (2).
Vanguard enters flow posture (balanced spread).
Vanguard recenters to set footing.
Vanguard cleanses snare via Flow.
Power output x1.27 from Power 80.
Vanguard uses Anchor Cleave [P:80/exalted, R:80/exalted, C:80/exalted]
Vanguard lines up Ivy Strangler #2 [hit roll 24/87].
Ivy Strangler #2 loses 36 break.
Ivy Strangler #2 withdraws behind the guard (staggered).
Ivy Strangler #2 is staggered!
Vanguard hits Ivy Strangler #2 for 39 guard.
Player Spotlight +1 (Vanguard exploited affinity) -> 2/5
Vanguard loses 3 guard from Anchor Cleave.
Composure tempo 80/160.
Rustbound Pilgrim raises its weapon and begins charging a heavy overhead.
------------------------------------------------------------
Turn order: Ivy Strangler #2, Rustbound Pilgrim, Vanguard
Ivy Strangler #2 is staggered and loses the turn.
Rustbound Pilgrim enters ravage posture (power dominant).
Rustbound Pilgrim presses the line.
Rustbound Pilgrim brings down a rusted overhead on Vanguard.
Vanguard withdraws behind the guard.
Rustbound Pilgrim recenters to set footing (pressure answered).
Guard gate success: Power 80 >= 55.
Vanguard reads the weight and hardens the guard.
Vanguard loses 21 break.
Rustbound Pilgrim hits Vanguard for 36 guard.
Vanguard enters flow posture (balanced spread).
Vanguard recenters to set footing.
Player Spotlight +1 (Vanguard entered Flow) -> 3/5
Power output x1.28 from Power 80.
Vanguard uses Anchor Cleave [P:80/exalted, R:80/exalted, C:80/exalted]
Vanguard lines up Ivy Strangler #2 [hit roll 39/87].
Ivy Strangler #2 loses 36 break.
Ivy Strangler #2 is staggered!
Vanguard hits Ivy Strangler #2 for 1 guard, 38 hp.
Player Spotlight +1 (Vanguard exploited affinity) -> 4/5
Vanguard loses 1 guard from Anchor Cleave.
Vanguard keeps tempo from Composure 80: bonus action.
Player Spotlight -2 (Vanguard used Execution Drop) -> 2/5
Vanguard enters flow posture (balanced spread).
Power output x1.14 from Power 80.
Vanguard uses Execution Drop [P:80/exalted, R:80/exalted, C:80/exalted]
Vanguard grazes Ivy Strangler #2 [hit roll 97/95].
Vanguard hits Ivy Strangler #2 for 48 hp.
Ivy Strangler #2 falls.
Player Spotlight +1 (Vanguard exploited affinity) -> 3/5
------------------------------------------------------------
Turn order: Vanguard, Rustbound Pilgrim
Vanguard enters flow posture (balanced spread).
Power output x1.14 from Power 80.
Vanguard uses Anchor Cleave [P:80/exalted, R:80/exalted, C:80/exalted]
Vanguard lines up Rustbound Pilgrim [hit roll 65/87].
Rustbound Pilgrim loses 31 break.
Vanguard hits Rustbound Pilgrim for 25 guard, 3 hp.
Vanguard loses 1 guard from Anchor Cleave.
Composure tempo 80/160.
Rustbound Pilgrim recovers 3 guard.
Rustbound Pilgrim raises its weapon and begins charging a heavy overhead.
------------------------------------------------------------
Turn order: Rustbound Pilgrim, Vanguard
Rustbound Pilgrim recovers 3 guard.
Rustbound Pilgrim enters ravage posture (power dominant).
Rustbound Pilgrim presses the line.
Rustbound Pilgrim brings down a rusted overhead on Vanguard.
Vanguard withdraws behind the guard.
Rustbound Pilgrim recenters to set footing (pressure answered).
Guard gate success: Power 80 >= 55.
Vanguard reads the weight and hardens the guard.
Vanguard loses 21 break.
Rustbound Pilgrim hits Vanguard for 17 guard, 14 hp.
Vanguard gains scorch (2).
Vanguard is scorched for 8 damage.
Vanguard loses 8 HP (scorch).
Vanguard enters flow posture (balanced spread).
Vanguard recenters to set footing.
Vanguard cleanses scorch via Flow.
Power output x1.22 from Power 80.
Vanguard uses Anchor Cleave [P:80/exalted, R:80/exalted, C:80/exalted]
Vanguard lines up Rustbound Pilgrim [hit roll 21/87].
Rustbound Pilgrim loses 23 break.
Rustbound Pilgrim withdraws behind the guard (staggered).
Rustbound Pilgrim is staggered!
Vanguard hits Rustbound Pilgrim for 12 guard, 18 hp.
Vanguard loses 0 guard from Anchor Cleave.
Vanguard keeps tempo from Composure 80: bonus action.
Player Spotlight -2 (Vanguard used Execution Drop) -> 1/5
Vanguard enters flow posture (balanced spread).
Player Spotlight +1 (Vanguard entered Flow) -> 2/5
Power output x1.19 from Power 80.
Vanguard uses Execution Drop [P:80/exalted, R:80/exalted, C:80/exalted]
Vanguard lines up Rustbound Pilgrim [hit roll 95/95].
Vanguard hits Rustbound Pilgrim for 81 hp.
Rustbound Pilgrim falls.
Players win the battle.
Battle log written to: quiet_relay_vs_balance_logs_2027/01_overpass_watch.txt
Victory. Echo shards gained: 1. Echo shards on hand: 1
Choose 1 reward from Overpass Watch Rewards:
  1. Iron Mesh - +12 max guard to all allies, and restore 12 guard.
  2. Stage Light - +1 starting Spotlight for future battles this run (max 3).
  3. Field Dressing - Heal all allies for 18 HP.
The team rehearses the opening beat. Starting Spotlight increases by 1.
🧭 Choose the next route:
  1. 🔧 Flooded Arcade -- Boss -- Maintenance route -- 🟢 Low risk -- [sustain, barrier, dodge]
     Safer maintenance route with recovery and guard rewards. Likely rewards:
     sustain, barrier, dodge.
  2. 🕯️ Witness Chapel -- Boss -- Chapel route -- 🟡 Medium risk -- [parry, reveal, break]
     Sharper chapel route with parry tempo and reveal rewards. Likely rewards:
     parry, reveal, break.
▶️ Auto route choice: Flooded Arcade

====================================================================================
🧭 District 03: Rain Toll Corridor
🔧 Flooded Arcade -- Boss -- Maintenance route -- 🟢 Low risk -- [sustain, barrier, dodge]
Route Step 2
💠 Echo Shards on hand: 1
------------------------------------------------------------------------------------
Neon signage flickers beneath rising water as Moraine, Bailiff of the Sluice,
locks a flood-key into place. Bell-marked channels throb under the tiles,
warning that one mistimed read will drag someone under.

Battle setup: starting Spotlight 1, prebattle barrier 0.
Node axis scores: Power 80, Precision 80, Composure 80.
Battle begins.
Node axis scores: Power 80, Precision 80, Composure 80.
Turn order: Moraine, Bailiff of the Sluice, Vanguard
Moraine, Bailiff of the Sluice enters bastion posture (composure dominant).
Moraine, Bailiff of the Sluice withdraws behind the guard.
Moraine, Bailiff of the Sluice slams a gate stamp into Vanguard.
Vanguard spends 8/8 Break to dodge.
Vanguard dodges cleanly [dodge roll 42/68].
Vanguard reads the weight and slips clear.
Vanguard enters flow posture (balanced spread).
Power output x1.22 from Power 80.
Vanguard uses Anchor Cleave [P:80/exalted, R:80/exalted, C:80/exalted]
Vanguard lines up Moraine, Bailiff of the Sluice [hit roll 68/87].
Moraine, Bailiff of the Sluice loses 32 break.
Vanguard hits Moraine, Bailiff of the Sluice for 30 guard.
Vanguard loses 0 guard from Anchor Cleave.
Composure tempo 80/160.
------------------------------------------------------------
Turn order: Moraine, Bailiff of the Sluice, Vanguard
Moraine, Bailiff of the Sluice recovers 3 guard.
Moraine, Bailiff of the Sluice enters bastion posture (composure dominant).
Moraine plants the flood-key.
The sluice pressure rises behind Vanguard.
Vanguard enters flow posture (balanced spread).
Power output x1.20 from Power 80.
Vanguard uses Anchor Cleave [P:80/exalted, R:80/exalted, C:80/exalted]
Vanguard lines up Moraine, Bailiff of the Sluice [hit roll 73/87].
Moraine, Bailiff of the Sluice loses 35 break.
Vanguard hits Moraine, Bailiff of the Sluice for 29 guard.
Vanguard loses 0 guard from Anchor Cleave.
Vanguard keeps tempo from Composure 80: bonus action.
Vanguard enters flow posture (balanced spread).
Power output x1.32 from Power 80.
Vanguard uses Anchor Cleave [P:80/exalted, R:80/exalted, C:80/exalted]
Vanguard lines up Moraine, Bailiff of the Sluice [hit roll 35/87].
Moraine, Bailiff of the Sluice loses 37 break.
Vanguard hits Moraine, Bailiff of the Sluice for 32 guard.
Vanguard loses 0 guard from Anchor Cleave.
------------------------------------------------------------
Turn order: Moraine, Bailiff of the Sluice, Vanguard
Moraine, Bailiff of the Sluice recovers 3 guard.
Moraine, Bailiff of the Sluice enters bastion posture (composure dominant).
The spillway screams open.
Vanguard spends 8/8 Break to dodge.
Vanguard dodges cleanly [dodge roll 9/68].
Vanguard reads the weight and slips clear.
Moraine, Bailiff of the Sluice loses 16 break.
Moraine, Bailiff of the Sluice is staggered!
The sluice overcommits and leaves Moraine exposed.
Vanguard enters flow posture (balanced spread).
Power output x1.23 from Power 80.
Vanguard uses Anchor Cleave [P:80/exalted, R:80/exalted, C:80/exalted]
Vanguard lines up Moraine, Bailiff of the Sluice [hit roll 28/95].
Vanguard hits Moraine, Bailiff of the Sluice for 5 guard, 63 hp. CRIT!
Vanguard loses 0 guard from Anchor Cleave.
Composure tempo 80/160.
------------------------------------------------------------
Turn order: Moraine, Bailiff of the Sluice, Vanguard
Moraine, Bailiff of the Sluice is staggered and loses the turn.
Moraine, Bailiff of the Sluice is no longer affected by reveal.
Vanguard enters flow posture (balanced spread).
Power output x1.32 from Power 80.
Vanguard uses Anchor Cleave [P:80/exalted, R:80/exalted, C:80/exalted]
Vanguard lines up Moraine, Bailiff of the Sluice [hit roll 85/87].
Moraine, Bailiff of the Sluice loses 33 break.
Vanguard hits Moraine, Bailiff of the Sluice for 32 hp.
Vanguard loses 0 guard from Anchor Cleave.
Vanguard keeps tempo from Composure 80: bonus action.
Vanguard enters flow posture (balanced spread).
Power output x1.24 from Power 80.
Vanguard uses Anchor Cleave [P:80/exalted, R:80/exalted, C:80/exalted]
Vanguard lines up Moraine, Bailiff of the Sluice [hit roll 75/87].
Moraine, Bailiff of the Sluice loses 32 break.
Vanguard hits Moraine, Bailiff of the Sluice for 30 hp.
Vanguard loses 0 guard from Anchor Cleave.
------------------------------------------------------------
Turn order: Moraine, Bailiff of the Sluice, Vanguard
Moraine, Bailiff of the Sluice recovers 3 guard.
Moraine, Bailiff of the Sluice enters bastion posture (composure dominant).
Moraine plants the flood-key.
The sluice pressure rises behind Vanguard.
Vanguard enters flow posture (balanced spread).
Power output x1.22 from Power 80.
Vanguard uses Anchor Cleave [P:80/exalted, R:80/exalted, C:80/exalted]
Vanguard lines up Moraine, Bailiff of the Sluice [hit roll 17/87].
Moraine, Bailiff of the Sluice loses 40 break.
Vanguard hits Moraine, Bailiff of the Sluice for 3 guard, 42 hp. CRIT!
Vanguard loses 0 guard from Anchor Cleave.
Composure tempo 80/160.
------------------------------------------------------------
Turn order: Moraine, Bailiff of the Sluice, Vanguard
Moraine, Bailiff of the Sluice recovers 3 guard.
Moraine, Bailiff of the Sluice enters bastion posture (composure dominant).
The spillway screams open.
Vanguard spends 8/8 Break to dodge.
Vanguard dodges cleanly [dodge roll 65/68].
Vanguard reads the weight and slips clear.
Moraine, Bailiff of the Sluice loses 15 break.
Moraine, Bailiff of the Sluice is staggered!
The sluice overcommits and leaves Moraine exposed.
Vanguard enters flow posture (balanced spread).
Player Spotlight +1 (Vanguard entered Flow) -> 2/5
Power output x1.19 from Power 80.
Vanguard uses Anchor Cleave [P:80/exalted, R:80/exalted, C:80/exalted]
Vanguard lines up Moraine, Bailiff of the Sluice [hit roll 62/95].
Vanguard hits Moraine, Bailiff of the Sluice for 45 hp.
Vanguard loses 0 guard from Anchor Cleave.
Vanguard keeps tempo from Composure 80: bonus action.
Player Spotlight -2 (Vanguard used Execution Drop) -> 0/5
Vanguard enters flow posture (balanced spread).
Power output x1.12 from Power 80.
Vanguard uses Execution Drop [P:80/exalted, R:80/exalted, C:80/exalted]
Vanguard lines up Moraine, Bailiff of the Sluice [hit roll 49/95].
Vanguard hits Moraine, Bailiff of the Sluice for 91 hp.
------------------------------------------------------------
Turn order: Moraine, Bailiff of the Sluice, Vanguard
Moraine, Bailiff of the Sluice is staggered and loses the turn.
Moraine, Bailiff of the Sluice is no longer affected by reveal.
Vanguard enters flow posture (balanced spread).
Power output x1.14 from Power 80.
Vanguard uses Anchor Cleave [P:80/exalted, R:80/exalted, C:80/exalted]
Vanguard lines up Moraine, Bailiff of the Sluice [hit roll 4/87].
Moraine, Bailiff of the Sluice loses 30 break.
Vanguard hits Moraine, Bailiff of the Sluice for 28 hp.
Vanguard loses 0 guard from Anchor Cleave.
Composure tempo 80/160.
------------------------------------------------------------
Turn order: Moraine, Bailiff of the Sluice, Vanguard
Moraine, Bailiff of the Sluice recovers 3 guard.
Moraine, Bailiff of the Sluice abandons the lockstep rhythm and slides into a faster flow.
Moraine, Bailiff of the Sluice enters bastion posture (composure dominant).
Moraine plants the flood-key.
The sluice pressure rises behind Vanguard.
Vanguard enters flow posture (balanced spread).
Player Spotlight +1 (Vanguard entered Flow) -> 1/5
Power output x1.27 from Power 80.
Vanguard uses Anchor Cleave [P:80/exalted, R:80/exalted, C:80/exalted]
Vanguard lines up Moraine, Bailiff of the Sluice [hit roll 76/87].
Moraine, Bailiff of the Sluice loses 36 break.
Vanguard hits Moraine, Bailiff of the Sluice for 3 guard, 28 hp.
Vanguard loses 0 guard from Anchor Cleave.
Vanguard keeps tempo from Composure 80: bonus action.
Vanguard enters flow posture (balanced spread).
Power output x1.10 from Power 80.
Vanguard uses Anchor Cleave [P:80/exalted, R:80/exalted, C:80/exalted]
Vanguard lines up Moraine, Bailiff of the Sluice [hit roll 47/87].
Moraine, Bailiff of the Sluice loses 33 break.
Vanguard hits Moraine, Bailiff of the Sluice for 27 hp.
Vanguard loses 0 guard from Anchor Cleave.
------------------------------------------------------------
Turn order: Moraine, Bailiff of the Sluice, Vanguard
Moraine, Bailiff of the Sluice recovers 3 guard.
Moraine, Bailiff of the Sluice enters ravage posture (power dominant).
Moraine, Bailiff of the Sluice recenters to set footing.
The spillway screams open.
Moraine, Bailiff of the Sluice withdraws behind the guard (pressure answered).
Vanguard spends 8/8 Break to dodge.
Vanguard dodges cleanly [dodge roll 64/68].
Vanguard reads the weight and slips clear.
Moraine, Bailiff of the Sluice loses 16 break.
The sluice overcommits and leaves Moraine exposed.
Vanguard enters flow posture (balanced spread).
Power output x1.21 from Power 80.
Vanguard uses Anchor Cleave [P:80/exalted, R:80/exalted, C:80/exalted]
Vanguard lines up Moraine, Bailiff of the Sluice [hit roll 86/92].
Vanguard hits Moraine, Bailiff of the Sluice for 34 hp.
Moraine, Bailiff of the Sluice falls.
Vanguard loses 0 guard from Anchor Cleave.
Players win the battle.
Battle log written to: quiet_relay_vs_balance_logs_2027/02_flooded_arcade.txt
Victory. Echo shards gained: 1. Echo shards on hand: 2
Choose 1 reward from Flooded Arcade Rewards:
  1. Maintenance Harness - Grant the Maintenance Harness relic to the current party.
  2. Floodgate Loop - Grant the Floodgate Loop relic to the current party.
  3. Supply Cache - +1 recovery charge, up to 5.
The team secures Maintenance Harness. Its combat trigger is now active for this
run.
🧭 Choose the next route:
  1. 🔧 Service Niche -- Event -- Maintenance route -- 🟢 Low risk -- [shop, recovery, sustain]
     Spend shards to stabilize before the maintenance follow-through. Likely
     rewards: sustain, barrier, recovery.
  2. 🔧 Sluice Jury -- Battle -- Maintenance route -- 🔴 High risk -- [elite, shards, break]
     Detour into an elite fight for extra shards and stronger break prep. Likely
     rewards: elite, break, boss_prep.
▶️ Auto route choice: Service Niche

====================================================================================
🧭 District 03: Rain Toll Corridor
🔧 Service Niche -- Event -- Maintenance route -- 🟢 Low risk -- [shop, recovery, sustain]
Route Step 3
💠 Echo Shards on hand: 2
------------------------------------------------------------------------------------
You find a dry maintenance recess behind a humming panel. The team can patch
wounds, rewire defenses, or prepare for the toll plaza ahead.


Service Niche Bench. Echo Shards on hand: 2
Spend up to 1 purchase here, or press Enter to leave.
Auto shop choice: Slip Ledger
The team secures Slip Ledger. Its combat trigger is now active for this run.
Echo Shards remaining: 0
The team closes the route kit and moves on.

====================================================================================
🧭 District 03: Rain Toll Corridor
🔧 Drainage Switchback -- Battle -- Maintenance route -- 🟢 Low risk -- [sustain, guard, recovery]
Route Step 4
💠 Echo Shards on hand: 0
------------------------------------------------------------------------------------
A service stair drops into a pump channel where the waterline rises and falls by
bell pulse. A Flood Acolyte tries to soak the lane while a Veil Leech chews at
exposed guard, turning the maintenance route into a practical test of staying
patched together.

Battle setup: starting Spotlight 1, prebattle barrier 0.
Node axis scores: Power 80, Precision 80, Composure 80.
Encounter variant: ivy_veil_drain (ivy_strangler, veil_leech)
Battle begins.
Node axis scores: Power 80, Precision 80, Composure 80.
Turn order: Veil Leech #2, Ivy Strangler, Vanguard
Veil Leech #2 enters flow posture (balanced spread).
Player Spotlight +1 (Veil Leech #2 entered Flow) -> 2/5
Veil Leech #2 siphons warding light from Vanguard.
Enemy Spotlight +1 (Vanguard mistimed dodge) -> 1/5
Vanguard spends 7/8 Break to dodge.
Vanguard's empty Break meter makes the dodge shaky.
Vanguard mistimes the dodge [dodge roll 78/42].
Vanguard withdraws behind the guard (staggered).
Vanguard is staggered!
Enemy Spotlight +1 (Veil Leech #2 staggered Vanguard) -> 2/5
Veil Leech #2 hits Vanguard for 8 hp.
Vanguard gains hex (2).
Enemy Spotlight +1 (Veil Leech #2 applied hex) -> 3/5
Ivy Strangler enters flow posture (balanced spread).
Player Spotlight +1 (Ivy Strangler entered Flow) -> 3/5
Ivy Strangler lashes thorn-vines at Vanguard.
Enemy Spotlight -1 (cashed for pressure) -> 2/5
Enemy Spotlight is cashed for pressure.
Player Spotlight +2 (Slip Ledger) -> 5/5
Slip Ledger steadies Vanguard's next offensive risk.
Vanguard recenters to set footing.
Vanguard spends 0/8 Break to dodge.
Vanguard's empty Break meter makes the dodge shaky.
Vanguard dodges cleanly [dodge roll 35/52].
Vanguard slips wide from withdrawn footing.
Vanguard is staggered and loses the turn.
------------------------------------------------------------
Turn order: Veil Leech #2, Ivy Strangler, Vanguard
Veil Leech #2 enters flow posture (balanced spread).
Veil Leech #2 siphons warding light from Vanguard.
Enemy Spotlight -1 (cashed for pressure) -> 1/5
Enemy Spotlight is cashed for pressure.
Slip Ledger steadies Vanguard's next offensive risk.
Vanguard spends 8/8 Break to dodge.
Vanguard dodges cleanly [dodge roll 53/62].
Ivy Strangler enters flow posture (balanced spread).
Ivy Strangler lashes thorn-vines at Vanguard.
Enemy Spotlight -1 (cashed for pressure) -> 0/5
Enemy Spotlight is cashed for pressure.
Enemy Spotlight +1 (Vanguard mistimed dodge) -> 1/5
Vanguard spends 8/8 Break to dodge.
Vanguard mistimes the dodge [dodge roll 84/62].
Vanguard loses 9 break.
Ivy Strangler hits Vanguard for 14 hp.
Vanguard gains snare (2).
Vanguard is no longer affected by hex.
Vanguard enters flow posture (balanced spread).
Vanguard cleanses snare via Flow.
Power output x1.37 from Power 80.
Vanguard uses Anchor Cleave [P:80/exalted, R:80/exalted, C:80/exalted]
Vanguard grazes Ivy Strangler [hit roll 96/87].
Enemy Spotlight +1 (Vanguard risky graze) -> 2/5
Ivy Strangler loses 19 break.
Vanguard hits Ivy Strangler for 21 guard.
Vanguard loses 0 guard from Anchor Cleave.
Vanguard's slip window closes.
Composure tempo 80/160.
------------------------------------------------------------
Turn order: Veil Leech #2, Ivy Strangler, Vanguard
Veil Leech #2 enters flow posture (balanced spread).
Veil Leech #2 siphons warding light from Vanguard.
Enemy Spotlight -1 (cashed for pressure) -> 1/5
Enemy Spotlight is cashed for pressure.
Slip Ledger steadies Vanguard's next offensive risk.
Vanguard spends 8/8 Break to dodge.
Vanguard dodges cleanly [dodge roll 38/62].
Ivy Strangler recovers 3 guard.
Ivy Strangler enters flow posture (balanced spread).
Ivy Strangler lashes thorn-vines at Vanguard.
Enemy Spotlight -1 (cashed for pressure) -> 0/5
Enemy Spotlight is cashed for pressure.
Slip Ledger steadies Vanguard's next offensive risk.
Vanguard spends 8/8 Break to dodge.
Vanguard dodges cleanly [dodge roll 22/62].
Vanguard enters flow posture (balanced spread).
Power output x1.09 from Power 80.
Vanguard uses Anchor Cleave [P:80/exalted, R:80/exalted, C:80/exalted]
Vanguard lines up Ivy Strangler [hit roll 76/87].
Ivy Strangler loses 17 break.
Ivy Strangler withdraws behind the guard (staggered).
Ivy Strangler is staggered!
Vanguard hits Ivy Strangler for 22 guard, 12 hp.
Vanguard loses 0 guard from Anchor Cleave.
Vanguard's slip window closes.
Vanguard keeps tempo from Composure 80: bonus action.
Player Spotlight -2 (Vanguard used Execution Drop) -> 3/5
Vanguard enters flow posture (balanced spread).
Power output x1.12 from Power 80.
Vanguard uses Execution Drop [P:80/exalted, R:80/exalted, C:80/exalted]
Vanguard lines up Ivy Strangler [hit roll 46/95].
Vanguard hits Ivy Strangler for 96 hp.
Ivy Strangler falls.
Player Spotlight +1 (Vanguard exploited affinity) -> 4/5
------------------------------------------------------------
Turn order: Veil Leech #2, Vanguard
Veil Leech #2 enters flow posture (balanced spread).
Veil Leech #2 siphons warding light from Vanguard.
Enemy Spotlight +1 (Vanguard mistimed dodge) -> 1/5
Vanguard spends 8/8 Break to dodge.
Vanguard mistimes the dodge [dodge roll 88/62].
Vanguard loses 7 break.
Veil Leech #2 hits Vanguard for 8 hp.
Vanguard gains hex (2).
Enemy Spotlight +1 (Veil Leech #2 applied hex) -> 2/5
Vanguard enters flow posture (balanced spread).
Vanguard cleanses hex via Flow.
Power output x1.34 from Power 80.
Vanguard uses Anchor Cleave [P:80/exalted, R:80/exalted, C:80/exalted]
Vanguard lines up Veil Leech #2 [hit roll 25/87].
Veil Leech #2 loses 33 break.
Vanguard hits Veil Leech #2 for 33 guard.
Vanguard loses 0 guard from Anchor Cleave.
Composure tempo 80/160.
------------------------------------------------------------
Turn order: Veil Leech #2, Vanguard
Veil Leech #2 recovers 3 guard.
Veil Leech #2 enters flow posture (balanced spread).
Player Spotlight +1 (Veil Leech #2 entered Flow) -> 5/5
Veil Leech #2 siphons warding light from Vanguard.
Enemy Spotlight -1 (cashed for pressure) -> 1/5
Enemy Spotlight is cashed for pressure.
Slip Ledger steadies Vanguard's next offensive risk.
Vanguard spends 8/8 Break to dodge.
Vanguard dodges cleanly [dodge roll 12/62].
Vanguard enters flow posture (balanced spread).
Power output x0.98 from Power 80.
Vanguard uses Anchor Cleave [P:80/exalted, R:80/exalted, C:80/exalted]
Vanguard lines up Veil Leech #2 [hit roll 6/87].
Veil Leech #2 loses 3 break.
Veil Leech #2 withdraws behind the guard (staggered).
Veil Leech #2 is staggered!
Vanguard hits Veil Leech #2 for 10 guard, 14 hp.
Vanguard loses 0 guard from Anchor Cleave.
Vanguard's slip window closes.
Vanguard keeps tempo from Composure 80: bonus action.
Player Spotlight -2 (Vanguard used Execution Drop) -> 3/5
Vanguard enters flow posture (balanced spread).
Power output x1.31 from Power 80.
Vanguard uses Execution Drop [P:80/exalted, R:80/exalted, C:80/exalted]
Vanguard lines up Veil Leech #2 [hit roll 2/95].
Vanguard hits Veil Leech #2 for 89 hp.
Veil Leech #2 falls.
Players win the battle.
Battle log written to: quiet_relay_vs_balance_logs_2027/05_drainage_switchback.txt
Victory. Echo shards gained: 1. Echo shards on hand: 1
Choose 1 reward from Drainage Switchback Rewards:
  1. Floodgate Loop - Grant the Floodgate Loop relic to the current party.
  2. Steady Chimes - +10 max break to all allies.
  3. Field Dressing - Heal all allies for 18 HP.
The team secures Floodgate Loop. Its combat trigger is now active for this run.

====================================================================================
🧭 District 03: Rain Toll Corridor
◈ Toll Plaza -- Battle -- Shared route -- 🔴 High risk -- [break, recovery, cadence]
Route Step 5
💠 Echo Shards on hand: 1
------------------------------------------------------------------------------------
The lanes narrow into a dead checkpoint under immense bells. A Toll Knight waits
motionless among cracked barriers and drowned ticket booths.

Battle setup: starting Spotlight 1, prebattle barrier 0.
Node axis scores: Power 80, Precision 80, Composure 80.
Encounter variant: toll_knight_checkpoint (toll_knight)
Battle begins.
Node axis scores: Power 80, Precision 80, Composure 80.
Turn order: Toll Knight, Vanguard
Toll Knight enters ravage posture (power dominant).
Toll Knight presses the line.
Toll Knight tightens its stance and restores 0 guard.
Vanguard enters flow posture (balanced spread).
Power output x1.24 from Power 80.
Vanguard uses Anchor Cleave [P:80/exalted, R:80/exalted, C:80/exalted]
Vanguard lines up Toll Knight [hit roll 16/87].
Toll Knight loses 32 break.
Vanguard hits Toll Knight for 30 guard.
Vanguard loses 0 guard from Anchor Cleave.
Composure tempo 80/160.
------------------------------------------------------------
Turn order: Toll Knight, Vanguard
Toll Knight recovers 3 guard.
Toll Knight enters ravage posture (power dominant).
Toll Knight tightens its stance and restores 12 guard.
Vanguard enters flow posture (balanced spread).
Power output x1.14 from Power 80.
Vanguard uses Anchor Cleave [P:80/exalted, R:80/exalted, C:80/exalted]
Vanguard lines up Toll Knight [hit roll 9/87].
Toll Knight loses 30 break.
Vanguard hits Toll Knight for 28 guard.
Vanguard loses 0 guard from Anchor Cleave.
Vanguard keeps tempo from Composure 80: bonus action.
Vanguard enters flow posture (balanced spread).
Power output x1.40 from Power 80.
Vanguard uses Anchor Cleave [P:80/exalted, R:80/exalted, C:80/exalted]
Vanguard lines up Toll Knight [hit roll 68/87].
Toll Knight loses 33 break.
Toll Knight withdraws behind the guard (staggered).
Toll Knight is staggered!
Vanguard hits Toll Knight for 34 guard.
Vanguard loses 0 guard from Anchor Cleave.
------------------------------------------------------------
Turn order: Toll Knight, Vanguard
Toll Knight is staggered and loses the turn.
Vanguard enters flow posture (balanced spread).
Power output x1.05 from Power 80.
Vanguard uses Anchor Cleave [P:80/exalted, R:80/exalted, C:80/exalted]
Vanguard lines up Toll Knight [hit roll 22/87].
Toll Knight loses 29 break.
Vanguard hits Toll Knight for 1 guard, 25 hp.
Vanguard loses 0 guard from Anchor Cleave.
Composure tempo 80/160.
------------------------------------------------------------
Turn order: Toll Knight, Vanguard
Toll Knight recovers 3 guard.
Toll Knight enters ravage posture (power dominant).
Toll Knight recenters to set footing.
Toll Knight tightens its stance and restores 12 guard.
Vanguard enters flow posture (balanced spread).
Power output x1.20 from Power 80.
Vanguard uses Anchor Cleave [P:80/exalted, R:80/exalted, C:80/exalted]
Vanguard grazes Toll Knight [hit roll 91/87].
Toll Knight loses 16 break.
Vanguard hits Toll Knight for 15 guard.
Vanguard loses 0 guard from Anchor Cleave.
Vanguard keeps tempo from Composure 80: bonus action.
Vanguard enters flow posture (balanced spread).
Power output x1.36 from Power 80.
Vanguard uses Anchor Cleave [P:80/exalted, R:80/exalted, C:80/exalted]
Vanguard grazes Toll Knight [hit roll 90/87].
Toll Knight loses 17 break.
Vanguard hits Toll Knight for 17 hp.
Vanguard loses 0 guard from Anchor Cleave.
------------------------------------------------------------
Turn order: Toll Knight, Vanguard
Toll Knight recovers 3 guard.
Toll Knight enters ravage posture (power dominant).
Toll Knight presses the line.
Toll Knight tightens its stance and restores 12 guard.
Vanguard enters flow posture (balanced spread).
Power output x1.21 from Power 80.
Vanguard uses Anchor Cleave [P:80/exalted, R:80/exalted, C:80/exalted]
Vanguard grazes Toll Knight [hit roll 92/87].
Toll Knight loses 16 break.
Vanguard hits Toll Knight for 15 guard.
Vanguard loses 0 guard from Anchor Cleave.
Composure tempo 80/160.
------------------------------------------------------------
Turn order: Toll Knight, Vanguard
Toll Knight recovers 3 guard.
Toll Knight enters ravage posture (power dominant).
Toll Knight tightens its stance and restores 12 guard.
Vanguard enters flow posture (balanced spread).
Power output x1.32 from Power 80.
Vanguard uses Anchor Cleave [P:80/exalted, R:80/exalted, C:80/exalted]
Vanguard lines up Toll Knight [hit roll 13/87].
Toll Knight loses 17 break.
Toll Knight withdraws behind the guard (staggered).
Toll Knight is staggered!
Vanguard hits Toll Knight for 15 guard, 17 hp.
Vanguard loses 0 guard from Anchor Cleave.
Vanguard keeps tempo from Composure 80: bonus action.
Vanguard enters flow posture (balanced spread).
Power output x1.22 from Power 80.
Vanguard uses Anchor Cleave [P:80/exalted, R:80/exalted, C:80/exalted]
Vanguard lines up Toll Knight [hit roll 91/95].
Vanguard hits Toll Knight for 39 hp.
Vanguard loses 0 guard from Anchor Cleave.
------------------------------------------------------------
Turn order: Toll Knight, Vanguard
Toll Knight is staggered and loses the turn.
Vanguard enters flow posture (balanced spread).
Power output x1.11 from Power 80.
Vanguard uses Anchor Cleave [P:80/exalted, R:80/exalted, C:80/exalted]
Vanguard lines up Toll Knight [hit roll 73/87].
Toll Knight loses 30 break.
Vanguard hits Toll Knight for 27 hp.
Vanguard loses 0 guard from Anchor Cleave.
Composure tempo 80/160.
------------------------------------------------------------
Turn order: Toll Knight, Vanguard
Toll Knight recovers 3 guard.
Toll Knight enters ravage posture (power dominant).
Toll Knight recenters to set footing.
Toll Knight tightens its stance and restores 12 guard.
Vanguard enters flow posture (balanced spread).
Power output x1.23 from Power 80.
Vanguard uses Anchor Cleave [P:80/exalted, R:80/exalted, C:80/exalted]
Vanguard lines up Toll Knight [hit roll 50/87].
Toll Knight loses 32 break.
Vanguard hits Toll Knight for 15 guard, 15 hp.
Vanguard loses 0 guard from Anchor Cleave.
Vanguard keeps tempo from Composure 80: bonus action.
Vanguard enters flow posture (balanced spread).
Power output x1.41 from Power 80.
Vanguard uses Anchor Cleave [P:80/exalted, R:80/exalted, C:80/exalted]
Vanguard lines up Toll Knight [hit roll 65/87].
Toll Knight loses 33 break.
Toll Knight withdraws behind the guard (staggered).
Toll Knight is staggered!
Vanguard hits Toll Knight for 34 hp.
Vanguard loses 0 guard from Anchor Cleave.
------------------------------------------------------------
Turn order: Toll Knight, Vanguard
Toll Knight is staggered and loses the turn.
Vanguard enters flow posture (balanced spread).
Power output x1.34 from Power 80.
Vanguard uses Anchor Cleave [P:80/exalted, R:80/exalted, C:80/exalted]
Vanguard lines up Toll Knight [hit roll 19/87].
Vanguard hits Toll Knight for 33 hp.
Toll Knight falls.
Vanguard loses 0 guard from Anchor Cleave.
Players win the battle.
Battle log written to: quiet_relay_vs_balance_logs_2027/10_toll_plaza.txt
Victory. Echo shards gained: 2. Echo shards on hand: 3

Toll Plaza Preparations. Echo Shards on hand: 3
Spend up to 2 purchases before the bell tower.
Auto shop choice: Field Dressing
Field dressings are applied. The party restores 24 total HP.
Echo Shards remaining: 2

Toll Plaza Preparations. Echo Shards on hand: 2
Spend up to 2 purchases before the bell tower.
Auto shop choice: Bellbreaker Oil
Bellbreaker oil is brushed onto blades. Boss guard penalty increases by 25.
Echo Shards remaining: 0
The team closes the route kit and moves on.
🧭 Choose the next route:
  1. ◈ Undertone Landing -- Event -- Shared route -- 🟢 Low risk -- [recovery, break, boss_prep]
     Shared boss-prep stop with two final preparations. Likely rewards:
     recovery, break, boss_prep.
  2. ◈ Tollgate Surge -- Battle -- Shared route -- 🔴 High risk -- [risk, shards, boss_prep]
     Skip the safe landing for a final elite payoff before Orison. Likely
     rewards: risk, shards, boss_prep.
▶️ Auto route choice: Undertone Landing

====================================================================================
🧭 District 03: Rain Toll Corridor
◈ Undertone Landing -- Event -- Shared route -- 🟢 Low risk -- [recovery, break, boss_prep]
Route Step 6
💠 Echo Shards on hand: 0
------------------------------------------------------------------------------------
A landing below the bell tower hums with three debts braided into one undertone.
The route behind you colors the echo: sluice-weight and guard on one side,
chapel aim and late chimes on the other. There is time for two final
preparations before Orison answers.

Choose 2 rewards from Undertone Landing Preparations:
Pick 1/2 (2 picks remaining):
  1. Ward Flares - All allies start future battles with 10 barrier.
  2. Steady Chimes - +10 max break to all allies.
  3. Field Dressing - Heal all allies for 18 HP.
  4. Bellbreaker Oil - Bosses start with 25 less guard.
Field dressings are applied. The party restores 24 total HP.
Pick 2/2 (1 pick remaining):
  1. Ward Flares - All allies start future battles with 10 barrier.
  2. Steady Chimes - +10 max break to all allies.
  3. Bellbreaker Oil - Bosses start with 25 less guard.
Bellbreaker oil is brushed onto blades. Boss guard penalty increases by 25.

====================================================================================
🧭 District 03: Rain Toll Corridor
◈ Bell Tower Threshold -- Boss -- Shared route -- 🔴 High risk -- [boss, break, parry]
Route Step 7
💠 Echo Shards on hand: 0
------------------------------------------------------------------------------------
At the district heart, Orison, Vicar of the Last Toll, steps from the tower
shadow and names three debts: force, aim, and nerve. The first bellflash is
clear, but the second toll waits after the breath.

Battle setup: starting Spotlight 1, prebattle barrier 0.
Node axis scores: Power 80, Precision 80, Composure 80.
Battle begins.
Node axis scores: Power 80, Precision 80, Composure 80.
Turn order: Orison, Vicar of the Last Toll, Vanguard
Orison weighs the party like flood-forged debt.
Orison, Vicar of the Last Toll enters ravage posture (power dominant).
Orison, Vicar of the Last Toll presses the line.
Orison, Vicar of the Last Toll drives a tower step through Vanguard.
Player Spotlight +2 (Slip Ledger) -> 3/5
Slip Ledger steadies Vanguard's next offensive risk.
Vanguard spends 8/8 Break to dodge.
Vanguard dodges cleanly [dodge roll 28/62].
Orison, Vicar of the Last Toll loses 10 break.
Orison oversteps into an exposed beat.
Vanguard enters flow posture (balanced spread).
Power output x1.30 from Power 80.
Vanguard uses Anchor Cleave [P:80/exalted, R:80/exalted, C:80/exalted]
Vanguard lines up Orison, Vicar of the Last Toll [hit roll 73/92].
Orison, Vicar of the Last Toll loses 33 break.
Vanguard hits Orison, Vicar of the Last Toll for 36 guard.
Vanguard loses 0 guard from Anchor Cleave.
Vanguard's slip window closes.
Composure tempo 80/160.
------------------------------------------------------------
Turn order: Orison, Vicar of the Last Toll, Vanguard
Orison, Vicar of the Last Toll is no longer affected by reveal.
Orison, Vicar of the Last Toll recovers 3 guard.
Orison, Vicar of the Last Toll enters flow posture (balanced spread).
Orison, Vicar of the Last Toll recenters to set footing.
Player Spotlight +1 (Orison, Vicar of the Last Toll entered Flow) -> 4/5
Orison tolls for nerve; the pressure lands after the breath.
Player Spotlight +1 (Slip Ledger) -> 5/5
Slip Ledger steadies Vanguard's next offensive risk.
Floodgate Loop inflicts soak on Orison, Vicar of the Last Toll.
Orison, Vicar of the Last Toll withdraws behind the guard (pressure answered).
Vanguard spends 8/8 Break to dodge.
Vanguard dodges cleanly [dodge roll 27/80].
Vanguard reads the channel beat and slips clear.
Orison, Vicar of the Last Toll loses 9 break.
The toll is answered cleanly and Orison yields ground.
Vanguard enters flow posture (balanced spread).
Power output x1.25 from Power 80.
Vanguard uses Anchor Cleave [P:80/exalted, R:80/exalted, C:80/exalted]
Vanguard lines up Orison, Vicar of the Last Toll [hit roll 60/92].
Orison, Vicar of the Last Toll loses 40 break.
Vanguard hits Orison, Vicar of the Last Toll for 50 guard. CRIT!
Vanguard loses 0 guard from Anchor Cleave.
Vanguard's slip window closes.
Vanguard keeps tempo from Composure 80: bonus action.
Vanguard enters flow posture (balanced spread).
Power output x1.36 from Power 80.
Vanguard uses Anchor Cleave [P:80/exalted, R:80/exalted, C:80/exalted]
Vanguard lines up Orison, Vicar of the Last Toll [hit roll 50/92].
Orison, Vicar of the Last Toll loses 37 break.
Vanguard hits Orison, Vicar of the Last Toll for 12 guard, 27 hp.
Vanguard loses 0 guard from Anchor Cleave.
------------------------------------------------------------
Turn order: Orison, Vicar of the Last Toll, Vanguard
Orison, Vicar of the Last Toll is no longer affected by soak.
Orison, Vicar of the Last Toll is no longer affected by reveal.
Orison, Vicar of the Last Toll recovers 3 guard.
Orison, Vicar of the Last Toll enters flow posture (balanced spread).
Orison, Vicar of the Last Toll recenters to set footing.
Only one bellflash is true.
A false flash skims high before the true cut arrives.
Slip Ledger steadies Vanguard's next offensive risk.
Floodgate Loop inflicts soak on Orison, Vicar of the Last Toll.
Orison, Vicar of the Last Toll withdraws behind the guard (pressure answered).
Vanguard spends 8/8 Break to dodge.
Vanguard dodges cleanly [dodge roll 50/68].
Vanguard reads the burst and slips clear.
Orison, Vicar of the Last Toll loses 9 break.
The toll is answered cleanly and Orison yields ground.
Vanguard enters flow posture (balanced spread).
Power output x1.27 from Power 80.
Vanguard uses Anchor Cleave [P:80/exalted, R:80/exalted, C:80/exalted]
Vanguard lines up Orison, Vicar of the Last Toll [hit roll 73/92].
Orison, Vicar of the Last Toll loses 21 break.
Orison, Vicar of the Last Toll is staggered!
Vanguard hits Orison, Vicar of the Last Toll for 37 hp.
Vanguard loses 0 guard from Anchor Cleave.
Vanguard's slip window closes.
Composure tempo 80/160.
------------------------------------------------------------
Turn order: Orison, Vicar of the Last Toll, Vanguard
Orison, Vicar of the Last Toll is staggered and loses the turn.
Orison, Vicar of the Last Toll is no longer affected by soak.
Orison, Vicar of the Last Toll is no longer affected by reveal.
Vanguard enters flow posture (balanced spread).
Power output x1.02 from Power 80.
Vanguard uses Anchor Cleave [P:80/exalted, R:80/exalted, C:80/exalted]
Vanguard lines up Orison, Vicar of the Last Toll [hit roll 19/87].
Orison, Vicar of the Last Toll loses 29 break.
Vanguard hits Orison, Vicar of the Last Toll for 25 hp.
Vanguard loses 0 guard from Anchor Cleave.
Vanguard keeps tempo from Composure 80: bonus action.
Vanguard enters flow posture (balanced spread).
Power output x1.15 from Power 80.
Vanguard uses Anchor Cleave [P:80/exalted, R:80/exalted, C:80/exalted]
Vanguard lines up Orison, Vicar of the Last Toll [hit roll 53/87].
Orison, Vicar of the Last Toll loses 31 break.
Vanguard hits Orison, Vicar of the Last Toll for 28 hp.
Vanguard loses 0 guard from Anchor Cleave.
------------------------------------------------------------
Turn order: Orison, Vicar of the Last Toll, Vanguard
Orison, Vicar of the Last Toll recovers 3 guard.
Orison, Vicar of the Last Toll enters ravage posture (power dominant).
Orison, Vicar of the Last Toll recenters to set footing.
Orison, Vicar of the Last Toll drives a tower step through Vanguard.
Slip Ledger steadies Vanguard's next offensive risk.
Vanguard spends 2/8 Break to dodge.
Vanguard's empty Break meter makes the dodge shaky.
Vanguard dodges cleanly [dodge roll 19/42].
Orison, Vicar of the Last Toll loses 10 break.
Orison oversteps into an exposed beat.
Vanguard enters flow posture (balanced spread).
Power output x1.38 from Power 80.
Vanguard uses Anchor Cleave [P:80/exalted, R:80/exalted, C:80/exalted]
Vanguard lines up Orison, Vicar of the Last Toll [hit roll 82/92].
Orison, Vicar of the Last Toll loses 34 break.
Vanguard hits Orison, Vicar of the Last Toll for 40 hp.
Vanguard loses 0 guard from Anchor Cleave.
Vanguard's slip window closes.
Composure tempo 80/160.
------------------------------------------------------------
Turn order: Orison, Vicar of the Last Toll, Vanguard
Orison, Vicar of the Last Toll is no longer affected by reveal.
Orison, Vicar of the Last Toll recovers 3 guard.
Orison, Vicar of the Last Toll enters flow posture (balanced spread).
Only one bellflash is true.
A false flash skims high before the true cut arrives.
Enemy Spotlight +1 (Vanguard mistimed dodge) -> 1/5
Vanguard spends 0/8 Break to dodge.
Vanguard's empty Break meter makes the dodge shaky.
Vanguard mistimes the dodge [dodge roll 68/48].
Vanguard withdraws behind the guard (staggered).
Vanguard is staggered!
Enemy Spotlight +1 (Orison, Vicar of the Last Toll staggered Vanguard) -> 2/5
Orison, Vicar of the Last Toll hits Vanguard for 15 hp.
Vanguard is staggered and loses the turn.
------------------------------------------------------------
Turn order: Orison, Vicar of the Last Toll, Vanguard
Orison, Vicar of the Last Toll recovers 3 guard.
Orison, Vicar of the Last Toll enters ravage posture (power dominant).
Orison, Vicar of the Last Toll presses the line.
The tower tolls red.
Enemy Spotlight -1 (cashed for pressure) -> 1/5
Enemy Spotlight is cashed for pressure.
Enemy Spotlight +1 (Vanguard mistimed dodge) -> 2/5
Vanguard spends 8/8 Break to dodge.
Vanguard mistimes the dodge [dodge roll 92/78].
Vanguard loses 28 break.
Orison, Vicar of the Last Toll hits Vanguard for 24 hp.
Vanguard enters flow posture (balanced spread).
Vanguard recenters to set footing.
Power output x1.12 from Power 80.
Vanguard uses Anchor Cleave [P:80/exalted, R:80/exalted, C:80/exalted]
Vanguard lines up Orison, Vicar of the Last Toll [hit roll 83/87].
Orison, Vicar of the Last Toll loses 30 break.
Vanguard hits Orison, Vicar of the Last Toll for 6 guard, 21 hp.
Vanguard loses 0 guard from Anchor Cleave.
Vanguard keeps tempo from Composure 80: bonus action.
Vanguard enters flow posture (balanced spread).
Power output x1.11 from Power 80.
Vanguard uses Anchor Cleave [P:80/exalted, R:80/exalted, C:80/exalted]
Vanguard lines up Orison, Vicar of the Last Toll [hit roll 39/87].
Orison, Vicar of the Last Toll loses 25 break.
Orison, Vicar of the Last Toll withdraws behind the guard (staggered).
Orison, Vicar of the Last Toll is staggered!
Vanguard hits Orison, Vicar of the Last Toll for 27 hp.
Vanguard loses 0 guard from Anchor Cleave.
------------------------------------------------------------
Turn order: Orison, Vicar of the Last Toll, Vanguard
Orison, Vicar of the Last Toll is staggered and loses the turn.
Vanguard enters flow posture (balanced spread).
Power output x1.03 from Power 80.
Vanguard uses Anchor Cleave [P:80/exalted, R:80/exalted, C:80/exalted]
Vanguard lines up Orison, Vicar of the Last Toll [hit roll 45/87].
Orison, Vicar of the Last Toll loses 29 break.
Vanguard hits Orison, Vicar of the Last Toll for 25 hp.
Vanguard loses 0 guard from Anchor Cleave.
Composure tempo 80/160.
------------------------------------------------------------
Turn order: Orison, Vicar of the Last Toll, Vanguard
Orison, Vicar of the Last Toll recovers 3 guard.
Orison, Vicar of the Last Toll enters ravage posture (power dominant).
Orison, Vicar of the Last Toll recenters to set footing.
Orison, Vicar of the Last Toll drives a tower step through Vanguard.
Enemy Spotlight -1 (cashed for pressure) -> 1/5
Enemy Spotlight is cashed for pressure.
Slip Ledger steadies Vanguard's next offensive risk.
Vanguard spends 8/8 Break to dodge.
Vanguard dodges cleanly [dodge roll 5/62].
Orison, Vicar of the Last Toll loses 10 break.
Orison oversteps into an exposed beat.
Vanguard enters flow posture (balanced spread).
Power output x1.17 from Power 80.
Vanguard uses Anchor Cleave [P:80/exalted, R:80/exalted, C:80/exalted]
Vanguard grazes Orison, Vicar of the Last Toll [hit roll 94/92].
Orison, Vicar of the Last Toll loses 16 break.
Vanguard hits Orison, Vicar of the Last Toll for 17 hp.
Vanguard loses 0 guard from Anchor Cleave.
Vanguard's slip window closes.
Vanguard keeps tempo from Composure 80: bonus action.
Vanguard enters flow posture (balanced spread).
Power output x1.10 from Power 80.
Vanguard uses Anchor Cleave [P:80/exalted, R:80/exalted, C:80/exalted]
Vanguard grazes Orison, Vicar of the Last Toll [hit roll 100/92].
Enemy Spotlight +1 (Vanguard risky graze) -> 2/5
Orison, Vicar of the Last Toll loses 15 break.
Vanguard hits Orison, Vicar of the Last Toll for 16 hp.
Vanguard loses 0 guard from Anchor Cleave.
------------------------------------------------------------
Turn order: Orison, Vicar of the Last Toll, Vanguard
Orison, Vicar of the Last Toll is no longer affected by reveal.
Orison, Vicar of the Last Toll recovers 3 guard.
Orison, Vicar of the Last Toll enters ravage posture (power dominant).
Orison, Vicar of the Last Toll presses the line.
The tower tolls red.
Enemy Spotlight -1 (cashed for pressure) -> 1/5
Enemy Spotlight is cashed for pressure.
Slip Ledger steadies Vanguard's next offensive risk.
Floodgate Loop inflicts soak on Orison, Vicar of the Last Toll.
Orison, Vicar of the Last Toll recenters to set footing (pressure answered).
Vanguard spends 8/8 Break to dodge.
Vanguard dodges cleanly [dodge roll 46/68].
Vanguard reads the weight and slips clear.
Orison, Vicar of the Last Toll loses 9 break.
The toll is answered cleanly and Orison yields ground.
Vanguard enters flow posture (balanced spread).
Power output x1.23 from Power 80.
Vanguard uses Anchor Cleave [P:80/exalted, R:80/exalted, C:80/exalted]
Vanguard lines up Orison, Vicar of the Last Toll [hit roll 36/92].
Orison, Vicar of the Last Toll loses 32 break.
Vanguard hits Orison, Vicar of the Last Toll for 35 hp.
Vanguard loses 0 guard from Anchor Cleave.
Vanguard's slip window closes.
Composure tempo 80/160.
------------------------------------------------------------
Turn order: Orison, Vicar of the Last Toll, Vanguard
Orison, Vicar of the Last Toll is no longer affected by soak.
Orison, Vicar of the Last Toll is no longer affected by reveal.
Orison, Vicar of the Last Toll recovers 3 guard.
Orison, Vicar of the Last Toll enters flow posture (balanced spread).
Orison tolls for nerve; the pressure lands after the breath.
Enemy Spotlight -1 (cashed for pressure) -> 0/5
Enemy Spotlight is cashed for pressure.
Slip Ledger steadies Vanguard's next offensive risk.
Floodgate Loop inflicts soak on Orison, Vicar of the Last Toll.
Orison, Vicar of the Last Toll withdraws behind the guard (pressure answered).
Vanguard spends 8/8 Break to dodge.
Vanguard dodges cleanly [dodge roll 11/80].
Vanguard reads the channel beat and slips clear.
Orison, Vicar of the Last Toll loses 9 break.
The toll is answered cleanly and Orison yields ground.
Vanguard enters flow posture (balanced spread).
Power output x1.39 from Power 80.
Vanguard uses Anchor Cleave [P:80/exalted, R:80/exalted, C:80/exalted]
Vanguard lines up Orison, Vicar of the Last Toll [hit roll 57/92].
Orison, Vicar of the Last Toll loses 38 break.
Vanguard hits Orison, Vicar of the Last Toll for 40 hp.
Vanguard loses 0 guard from Anchor Cleave.
Vanguard's slip window closes.
Vanguard keeps tempo from Composure 80: bonus action.
Vanguard enters flow posture (balanced spread).
Power output x1.05 from Power 80.
Vanguard uses Anchor Cleave [P:80/exalted, R:80/exalted, C:80/exalted]
Vanguard lines up Orison, Vicar of the Last Toll [hit roll 67/92].
Orison, Vicar of the Last Toll loses 1 break.
Orison, Vicar of the Last Toll is staggered!
Vanguard hits Orison, Vicar of the Last Toll for 31 hp.
Vanguard loses 0 guard from Anchor Cleave.
------------------------------------------------------------
Turn order: Orison, Vicar of the Last Toll, Vanguard
Orison, Vicar of the Last Toll is staggered and loses the turn.
Orison, Vicar of the Last Toll is no longer affected by soak.
Orison, Vicar of the Last Toll is no longer affected by reveal.
Vanguard enters flow posture (balanced spread).
Power output x1.28 from Power 80.
Vanguard uses Anchor Cleave [P:80/exalted, R:80/exalted, C:80/exalted]
Vanguard lines up Orison, Vicar of the Last Toll [hit roll 10/87].
Orison, Vicar of the Last Toll loses 36 break.
Vanguard hits Orison, Vicar of the Last Toll for 31 hp.
Vanguard loses 0 guard from Anchor Cleave.
Composure tempo 80/160.
------------------------------------------------------------
Turn order: Orison, Vicar of the Last Toll, Vanguard
Orison, Vicar of the Last Toll recovers 3 guard.
Orison, Vicar of the Last Toll enters Quiet Relay cadence.
Orison, Vicar of the Last Toll enters ravage posture (power dominant).
Orison, Vicar of the Last Toll recenters to set footing.
Orison, Vicar of the Last Toll drives a tower step through Vanguard.
Enemy Spotlight +1 (Vanguard mistimed dodge) -> 1/5
Vanguard spends 8/8 Break to dodge.
Vanguard mistimes the dodge [dodge roll 82/62].
Vanguard loses 17 break.
Orison, Vicar of the Last Toll hits Vanguard for 19 hp.
Vanguard enters flow posture (balanced spread).
Power output x1.32 from Power 80.
Vanguard uses Anchor Cleave [P:80/exalted, R:80/exalted, C:80/exalted]
Vanguard lines up Orison, Vicar of the Last Toll [hit roll 35/87].
Orison, Vicar of the Last Toll loses 33 break.
Vanguard hits Orison, Vicar of the Last Toll for 3 guard, 29 hp.
Vanguard loses 0 guard from Anchor Cleave.
Vanguard keeps tempo from Composure 80: bonus action.
Vanguard enters flow posture (balanced spread).
Power output x1.41 from Power 80.
Vanguard uses Anchor Cleave [P:80/exalted, R:80/exalted, C:80/exalted]
Vanguard lines up Orison, Vicar of the Last Toll [hit roll 40/87].
Orison, Vicar of the Last Toll loses 34 break.
Vanguard hits Orison, Vicar of the Last Toll for 34 hp.
Vanguard loses 0 guard from Anchor Cleave.
------------------------------------------------------------
Turn order: Orison, Vicar of the Last Toll, Vanguard
Orison, Vicar of the Last Toll recovers 3 guard.
Orison, Vicar of the Last Toll enters flow posture (balanced spread).
Orison tolls for nerve; the pressure lands after the breath.
Enemy Spotlight -1 (cashed for pressure) -> 0/5
Enemy Spotlight is cashed for pressure.
Slip Ledger steadies Vanguard's next offensive risk.
Floodgate Loop inflicts soak on Orison, Vicar of the Last Toll.
Orison, Vicar of the Last Toll withdraws behind the guard (pressure answered).
Vanguard spends 5/8 Break to dodge.
Vanguard's empty Break meter makes the dodge shaky.
Vanguard dodges cleanly [dodge roll 45/60].
Vanguard reads the channel beat and slips clear.
Orison, Vicar of the Last Toll loses 9 break.
The toll is answered cleanly and Orison yields ground.
Vanguard enters flow posture (balanced spread).
Power output x1.20 from Power 80.
Vanguard uses Anchor Cleave [P:80/exalted, R:80/exalted, C:80/exalted]
Vanguard lines up Orison, Vicar of the Last Toll [hit roll 51/92].
Orison, Vicar of the Last Toll loses 35 break.
Vanguard hits Orison, Vicar of the Last Toll for 34 hp.
Vanguard loses 0 guard from Anchor Cleave.
Vanguard's slip window closes.
Composure tempo 80/160.
------------------------------------------------------------
Turn order: Orison, Vicar of the Last Toll, Vanguard
Orison, Vicar of the Last Toll is no longer affected by soak.
Orison, Vicar of the Last Toll is no longer affected by reveal.
Orison, Vicar of the Last Toll recovers 3 guard.
Orison, Vicar of the Last Toll enters flow posture (balanced spread).
Orison, Vicar of the Last Toll recenters to set footing.
Orison, Vicar of the Last Toll invokes Quiet Relay.
The second toll comes after the breath.
Only one bellflash is true.
A false flash skims high before the true cut arrives.
Enemy Spotlight +1 (Vanguard mistimed dodge) -> 1/5
Vanguard spends 0/8 Break to dodge.
Vanguard's empty Break meter makes the dodge shaky.
Vanguard mistimes the dodge [dodge roll 85/48].
Vanguard withdraws behind the guard (staggered).
Vanguard is staggered!
Enemy Spotlight +1 (Orison, Vicar of the Last Toll staggered Vanguard) -> 2/5
Orison, Vicar of the Last Toll hits Vanguard for 12 hp.
The tower tolls red.
Enemy Spotlight -1 (cashed for pressure) -> 1/5
Enemy Spotlight is cashed for pressure.
Enemy Spotlight +1 (Vanguard mistimed dodge) -> 2/5
Vanguard spends 0/8 Break to dodge.
Vanguard's empty Break meter makes the dodge shaky.
Vanguard mistimes the dodge [dodge roll 75/58].
Orison, Vicar of the Last Toll hits Vanguard for 19 hp.
Orison, Vicar of the Last Toll loses 12 break.
Orison, Vicar of the Last Toll withdraws behind the guard (staggered).
Orison, Vicar of the Last Toll is staggered!
Quiet Relay exhausts Orison's footing and opens a brief punish window.
Vanguard is staggered and loses the turn.
------------------------------------------------------------
Turn order: Orison, Vicar of the Last Toll, Vanguard
Orison, Vicar of the Last Toll is staggered and loses the turn.
Orison, Vicar of the Last Toll is no longer affected by reveal.
Vanguard enters flow posture (balanced spread).
Vanguard recenters to set footing.
Power output x1.33 from Power 80.
Vanguard uses Anchor Cleave [P:80/exalted, R:80/exalted, C:80/exalted]
Vanguard lines up Orison, Vicar of the Last Toll [hit roll 86/87].
Vanguard hits Orison, Vicar of the Last Toll for 33 hp.
Orison, Vicar of the Last Toll falls.
Vanguard loses 0 guard from Anchor Cleave.
Players win the battle.
Battle log written to: quiet_relay_vs_balance_logs_2027/13_bell_tower.txt
Victory. Echo shards gained: 4. Echo shards on hand: 4
